# JRE version: Java(TM) SE Runtime Environment (8.0_211-b12) (build 1.8.0_211-b12)
# Java VM: Java HotSpot(TM) 64-Bit Server VM (25.211-b12 mixed mode windows-amd64 compressed oops)
Heap:
 PSYoungGen      total 76288K, used 25695K [0x000000076b100000, 0x0000000772b80000, 0x00000007c0000000)
  eden space 65536K, 39% used [0x000000076b100000,0x000000076ca17c38,0x000000076f100000)
  from space 10752K, 0% used [0x000000076f100000,0x000000076f100000,0x000000076fb80000)
  to   space 10752K, 0% used [0x0000000772100000,0x0000000772100000,0x0000000772b80000)
 ParOldGen       total 179200K, used 15670K [0x00000006c1200000, 0x00000006cc100000, 0x000000076b100000)
  object space 179200K, 8% used [0x00000006c1200000,0x00000006c214dbb8,0x00000006cc100000)
 Metaspace       used 35957K, capacity 37018K, committed 37248K, reserved 1081344K
  class space    used 4720K, capacity 4964K, committed 4992K, reserved 1048576K
GC Heap History (10 events):
Event: 1.300 GC heap before
{Heap before GC invocations=1 (full 0):
 PSYoungGen      total 76288K, used 51907K [0x000000076b100000, 0x0000000770600000, 0x00000007c0000000)
  eden space 65536K, 79% used [0x000000076b100000,0x000000076e3b0cb8,0x000000076f100000)
  from space 10752K, 0% used [0x000000076fb80000,0x000000076fb80000,0x0000000770600000)
  to   space 10752K, 0% used [0x000000076f100000,0x000000076f100000,0x000000076fb80000)
 ParOldGen       total 175104K, used 0K [0x00000006c1200000, 0x00000006cbd00000, 0x000000076b100000)
  object space 175104K, 0% used [0x00000006c1200000,0x00000006c1200000,0x00000006cbd00000)
 Metaspace       used 20605K, capacity 21062K, committed 21296K, reserved 1069056K
  class space    used 2532K, capacity 2668K, committed 2688K, reserved 1048576K
Event: 1.308 GC heap after
Heap after GC invocations=1 (full 0):
 PSYoungGen      total 76288K, used 10276K [0x000000076b100000, 0x0000000770600000, 0x00000007c0000000)
  eden space 65536K, 0% used [0x000000076b100000,0x000000076b100000,0x000000076f100000)
  from space 10752K, 95% used [0x000000076f100000,0x000000076fb09210,0x000000076fb80000)
  to   space 10752K, 0% used [0x000000076fb80000,0x000000076fb80000,0x0000000770600000)
 ParOldGen       total 175104K, used 80K [0x00000006c1200000, 0x00000006cbd00000, 0x000000076b100000)
  object space 175104K, 0% used [0x00000006c1200000,0x00000006c1214010,0x00000006cbd00000)
 Metaspace       used 20605K, capacity 21062K, committed 21296K, reserved 1069056K
  class space    used 2532K, capacity 2668K, committed 2688K, reserved 1048576K
}
Event: 1.308 GC heap before
{Heap before GC invocations=2 (full 1):
 PSYoungGen      total 76288K, used 10276K [0x000000076b100000, 0x0000000770600000, 0x00000007c0000000)
  eden space 65536K, 0% used [0x000000076b100000,0x000000076b100000,0x000000076f100000)
  from space 10752K, 95% used [0x000000076f100000,0x000000076fb09210,0x000000076fb80000)
  to   space 10752K, 0% used [0x000000076fb80000,0x000000076fb80000,0x0000000770600000)
 ParOldGen       total 175104K, used 80K [0x00000006c1200000, 0x00000006cbd00000, 0x000000076b100000)
  object space 175104K, 0% used [0x00000006c1200000,0x00000006c1214010,0x00000006cbd00000)
 Metaspace       used 20605K, capacity 21062K, committed 21296K, reserved 1069056K
  class space    used 2532K, capacity 2668K, committed 2688K, reserved 1048576K
Event: 1.334 GC heap after
Heap after GC invocations=2 (full 1):
 PSYoungGen      total 76288K, used 0K [0x000000076b100000, 0x0000000770600000, 0x00000007c0000000)
  eden space 65536K, 0% used [0x000000076b100000,0x000000076b100000,0x000000076f100000)
  from space 10752K, 0% used [0x000000076f100000,0x000000076f100000,0x000000076fb80000)
  to   space 10752K, 0% used [0x000000076fb80000,0x000000076fb80000,0x0000000770600000)
 ParOldGen       total 125440K, used 9919K [0x00000006c1200000, 0x00000006c8c80000, 0x000000076b100000)
  object space 125440K, 7% used [0x00000006c1200000,0x00000006c1bafe48,0x00000006c8c80000)
 Metaspace       used 20605K, capacity 21062K, committed 21296K, reserved 1069056K
  class space    used 2532K, capacity 2668K, committed 2688K, reserved 1048576K
}
Event: 7.721 GC heap before
{Heap before GC invocations=3 (full 1):
 PSYoungGen      total 76288K, used 65536K [0x000000076b100000, 0x0000000770600000, 0x00000007c0000000)
  eden space 65536K, 100% used [0x000000076b100000,0x000000076f100000,0x000000076f100000)
  from space 10752K, 0% used [0x000000076f100000,0x000000076f100000,0x000000076fb80000)
  to   space 10752K, 0% used [0x000000076fb80000,0x000000076fb80000,0x0000000770600000)
 ParOldGen       total 125440K, used 9919K [0x00000006c1200000, 0x00000006c8c80000, 0x000000076b100000)
  object space 125440K, 7% used [0x00000006c1200000,0x00000006c1bafe48,0x00000006c8c80000)
 Metaspace       used 34457K, capacity 35460K, committed 35496K, reserved 1079296K
  class space    used 4620K, capacity 4861K, committed 4864K, reserved 1048576K
Event: 7.736 GC heap after
Heap after GC invocations=3 (full 1):
 PSYoungGen      total 76288K, used 10736K [0x000000076b100000, 0x0000000771200000, 0x00000007c0000000)
  eden space 65536K, 0% used [0x000000076b100000,0x000000076b100000,0x000000076f100000)
  from space 10752K, 99% used [0x000000076fb80000,0x00000007705fc070,0x0000000770600000)
  to   space 10752K, 0% used [0x000000076f100000,0x000000076f100000,0x000000076fb80000)
 ParOldGen       total 125440K, used 17937K [0x00000006c1200000, 0x00000006c8c80000, 0x000000076b100000)
  object space 125440K, 14% used [0x00000006c1200000,0x00000006c2384610,0x00000006c8c80000)
 Metaspace       used 34457K, capacity 35460K, committed 35496K, reserved 1079296K
  class space    used 4620K, capacity 4861K, committed 4864K, reserved 1048576K
}
Event: 7.880 GC heap before
{Heap before GC invocations=4 (full 1):
 PSYoungGen      total 76288K, used 13604K [0x000000076b100000, 0x0000000771200000, 0x00000007c0000000)
  eden space 65536K, 4% used [0x000000076b100000,0x000000076b3cd038,0x000000076f100000)
  from space 10752K, 99% used [0x000000076fb80000,0x00000007705fc070,0x0000000770600000)
  to   space 10752K, 0% used [0x000000076f100000,0x000000076f100000,0x000000076fb80000)
 ParOldGen       total 125440K, used 17937K [0x00000006c1200000, 0x00000006c8c80000, 0x000000076b100000)
  object space 125440K, 14% used [0x00000006c1200000,0x00000006c2384610,0x00000006c8c80000)
 Metaspace       used 34480K, capacity 35460K, committed 35496K, reserved 1079296K
  class space    used 4620K, capacity 4861K, committed 4864K, reserved 1048576K
Event: 7.892 GC heap after
Heap after GC invocations=4 (full 1):
 PSYoungGen      total 76288K, used 10560K [0x000000076b100000, 0x0000000772b80000, 0x00000007c0000000)
  eden space 65536K, 0% used [0x000000076b100000,0x000000076b100000,0x000000076f100000)
  from space 10752K, 98% used [0x000000076f100000,0x000000076fb50060,0x000000076fb80000)
  to   space 10752K, 0% used [0x0000000772100000,0x0000000772100000,0x0000000772b80000)
 ParOldGen       total 125440K, used 17945K [0x00000006c1200000, 0x00000006c8c80000, 0x000000076b100000)
  object space 125440K, 14% used [0x00000006c1200000,0x00000006c2386610,0x00000006c8c80000)
 Metaspace       used 34480K, capacity 35460K, committed 35496K, reserved 1079296K
  class space    used 4620K, capacity 4861K, committed 4864K, reserved 1048576K
}
Event: 7.892 GC heap before
{Heap before GC invocations=5 (full 2):
 PSYoungGen      total 76288K, used 10560K [0x000000076b100000, 0x0000000772b80000, 0x00000007c0000000)
  eden space 65536K, 0% used [0x000000076b100000,0x000000076b100000,0x000000076f100000)
  from space 10752K, 98% used [0x000000076f100000,0x000000076fb50060,0x000000076fb80000)
  to   space 10752K, 0% used [0x0000000772100000,0x0000000772100000,0x0000000772b80000)
 ParOldGen       total 125440K, used 17945K [0x00000006c1200000, 0x00000006c8c80000, 0x000000076b100000)
  object space 125440K, 14% used [0x00000006c1200000,0x00000006c2386610,0x00000006c8c80000)
 Metaspace       used 34480K, capacity 35460K, committed 35496K, reserved 1079296K
  class space    used 4620K, capacity 4861K, committed 4864K, reserved 1048576K
Event: 7.946 GC heap after
Heap after GC invocations=5 (full 2):
 PSYoungGen      total 76288K, used 0K [0x000000076b100000, 0x0000000772b80000, 0x00000007c0000000)
  eden space 65536K, 0% used [0x000000076b100000,0x000000076b100000,0x000000076f100000)
  from space 10752K, 0% used [0x000000076f100000,0x000000076f100000,0x000000076fb80000)
  to   space 10752K, 0% used [0x0000000772100000,0x0000000772100000,0x0000000772b80000)
 ParOldGen       total 179200K, used 15670K [0x00000006c1200000, 0x00000006cc100000, 0x000000076b100000)
  object space 179200K, 8% used [0x00000006c1200000,0x00000006c214dbb8,0x00000006cc100000)
 Metaspace       used 34480K, capacity 35460K, committed 35496K, reserved 1079296K
  class space    used 4620K, capacity 4861K, committed 4864K, reserved 1048576K
}

